#
# There is insufficient memory for the Java Runtime Environment to continue.
# Native memory allocation (malloc) failed to allocate 246256 bytes for Chunk::new
# Possible reasons:
#   The system is out of physical RAM or swap space
#   In 32 bit mode, the process size limit was hit
# Possible solutions:
#   Reduce memory load on the system
#   Increase physical memory or swap space
#   Check if swap backing store is full
#   Use 64 bit Java on a 64 bit OS
#   Decrease Java heap size (-Xmx/-Xms)
#   Decrease number of Java threads
#   Decrease Java thread stack sizes (-Xss)
#   Set larger code cache with -XX:ReservedCodeCacheSize=
# This output file may be truncated or incomplete.
#
#  Out of Memory Error (allocation.cpp:390), pid=460, tid=0x00000000000082d0
#
# JRE version: Java(TM) SE Runtime Environment (8.0_111-b14) (build 1.8.0_111-b14)
# Java VM: Java HotSpot(TM) 64-Bit Server VM (25.111-b14 mixed mode windows-amd64 compressed oops)
# Failed to write core dump. Minidumps are not enabled by default on client versions of Windows
#

---------------  T H R E A D  ---------------

Current thread (0x00000000179f2000):  JavaThread "C2 CompilerThread1" daemon [_thread_in_native, id=33488, stack(0x0000000019150000,0x0000000019250000)]

Stack: [0x0000000019150000,0x0000000019250000]
[error occurred during error reporting (printing stack bounds), id 0xc0000005]

Native frames: (J=compiled Java code, j=interpreted, Vv=VM code, C=native code)


Current CompileTask:
C2:    768  937       4       com.sun.tools.javac.code.Symbol::hiddenInInternal (202 bytes)


---------------  P R O C E S S  ---------------

Java Threads: ( => current thread )
  0x0000000019380800 JavaThread "Service Thread" daemon [_thread_blocked, id=6480, stack(0x0000000019750000,0x0000000019850000)]
  0x0000000017a01000 JavaThread "C1 CompilerThread2" daemon [_thread_in_native, id=32548, stack(0x0000000019250000,0x0000000019350000)]
=>0x00000000179f2000 JavaThread "C2 CompilerThread1" daemon [_thread_in_native, id=33488, stack(0x0000000019150000,0x0000000019250000)]
  0x00000000179ee800 JavaThread "C2 CompilerThread0" daemon [_thread_in_vm, id=32276, stack(0x0000000019050000,0x0000000019150000)]
  0x00000000179ed000 JavaThread "Attach Listener" daemon [_thread_blocked, id=34888, stack(0x0000000018f50000,0x0000000019050000)]
  0x00000000179ec000 JavaThread "Signal Dispatcher" daemon [_thread_blocked, id=15108, stack(0x0000000018e50000,0x0000000018f50000)]
  0x00000000179d9000 JavaThread "Finalizer" daemon [_thread_blocked, id=33292, stack(0x0000000018c50000,0x0000000018d50000)]
  0x0000000002f11000 JavaThread "Reference Handler" daemon [_thread_blocked, id=32504, stack(0x0000000018b50000,0x0000000018c50000)]
  0x0000000002e21800 JavaThread "main" [_thread_in_Java, id=33140, stack(0x0000000002c80000,0x0000000002d80000)]

Other Threads:
  0x00000000179b7000 VMThread [stack: 0x0000000018a50000,0x0000000018b50000] [id=32564]
  0x00000000193bc800 WatcherThread [stack: 0x0000000019850000,0x0000000019950000] [id=13012]

VM state:not at safepoint (normal execution)

VM Mutex/Monitor currently owned by a thread:  ([mutex/lock_event])
[0x0000000002e1d270] MethodData_lock - owner thread: 0x0000000000000000

Heap:
 PSYoungGen      total 12288K, used 8715K [0x00000000d6100000, 0x00000000d7380000, 0x0000000100000000)
  eden space 8192K, 60% used [0x00000000d6100000,0x00000000d65d1580,0x00000000d6900000)
  from space 4096K, 92% used [0x00000000d6b80000,0x00000000d6f316c8,0x00000000d6f80000)
  to   space 3072K, 0% used [0x00000000d7080000,0x00000000d7080000,0x00000000d7380000)
 ParOldGen       total 11264K, used 5024K [0x0000000082200000, 0x0000000082d00000, 0x00000000d6100000)
  object space 11264K, 44% used [0x0000000082200000,0x00000000826e8010,0x0000000082d00000)
 Metaspace       used 8496K, capacity 9204K, committed 9344K, reserved 1056768K
  class space    used 1016K, capacity 1072K, committed 1152K, reserved 1048576K

Card table byte_map: [0x00000000122e0000,0x00000000126d0000] byte_map_base: 0x0000000011ecf000

Marking Bits: (ParMarkBitMap*) 0x00000000592ea6c0
 Begin Bits: [0x0000000012d70000, 0x0000000014ce8000)
 End Bits:   [0x0000000014ce8000, 0x0000000016c60000)

Polling page: 0x0000000001370000

CodeCache: size=245760Kb used=3673Kb max_used=3676Kb free=242086Kb
 bounds [0x0000000002f20000, 0x00000000032c0000, 0x0000000011f20000]
 total_blobs=1233 nmethods=936 adapters=209
 compilation: enabled

Compilation events (10 events):
Event: 0.764 Thread 0x0000000017a01000  939       1       java.util.HashMap::afterNodeRemoval (1 bytes)
Event: 0.764 Thread 0x00000000179ee800  940       4       com.sun.tools.javac.code.Scope::lookup (67 bytes)
Event: 0.764 Thread 0x0000000017a01000 nmethod 939 0x00000000032ad550 code [0x00000000032ad6a0, 0x00000000032ad7b0]
Event: 0.764 Thread 0x0000000017a01000  933       3       com.sun.tools.javac.code.Symbol::isInheritedIn (208 bytes)
Event: 0.765 Thread 0x0000000017a01000 nmethod 933 0x00000000032abd10 code [0x00000000032abf80, 0x00000000032acfa8]
Event: 0.765 Thread 0x0000000017a01000  924       3       com.sun.tools.javac.tree.TreeScanner::visitSelect (9 bytes)
Event: 0.765 Thread 0x0000000017a01000 nmethod 924 0x00000000032ab890 code [0x00000000032aba00, 0x00000000032abc28]
Event: 0.765 Thread 0x0000000017a01000  929       3       com.sun.tools.javac.comp.TransTypes::isBridgeNeeded (115 bytes)
Event: 0.767 Thread 0x0000000017a01000 nmethod 929 0x00000000032b1fd0 code [0x00000000032b2400, 0x00000000032b48d8]
Event: 0.767 Thread 0x0000000017a01000  931       3       com.sun.tools.javac.comp.TransTypes::isSameMemberWhenErased (22 bytes)

GC Heap History (10 events):
Event: 0.344 GC heap before
{Heap before GC invocations=4 (full 0):
 PSYoungGen      total 3584K, used 3567K [0x00000000d6100000, 0x00000000d6800000, 0x0000000100000000)
  eden space 3072K, 100% used [0x00000000d6100000,0x00000000d6400000,0x00000000d6400000)
  from space 512K, 96% used [0x00000000d6400000,0x00000000d647bc20,0x00000000d6480000)
  to   space 512K, 0% used [0x00000000d6780000,0x00000000d6780000,0x00000000d6800000)
 ParOldGen       total 5632K, used 632K [0x0000000082200000, 0x0000000082780000, 0x00000000d6100000)
  object space 5632K, 11% used [0x0000000082200000,0x000000008229e020,0x0000000082780000)
 Metaspace       used 6254K, capacity 7380K, committed 7552K, reserved 1056768K
  class space    used 792K, capacity 848K, committed 896K, reserved 1048576K
Event: 0.345 GC heap after
Heap after GC invocations=4 (full 0):
 PSYoungGen      total 6656K, used 512K [0x00000000d6100000, 0x00000000d6800000, 0x0000000100000000)
  eden space 6144K, 0% used [0x00000000d6100000,0x00000000d6100000,0x00000000d6700000)
  from space 512K, 100% used [0x00000000d6780000,0x00000000d6800000,0x00000000d6800000)
  to   space 512K, 0% used [0x00000000d6700000,0x00000000d6700000,0x00000000d6780000)
 ParOldGen       total 5632K, used 912K [0x0000000082200000, 0x0000000082780000, 0x00000000d6100000)
  object space 5632K, 16% used [0x0000000082200000,0x00000000822e4050,0x0000000082780000)
 Metaspace       used 6254K, capacity 7380K, committed 7552K, reserved 1056768K
  class space    used 792K, capacity 848K, committed 896K, reserved 1048576K
}
Event: 0.439 GC heap before
{Heap before GC invocations=5 (full 0):
 PSYoungGen      total 6656K, used 6656K [0x00000000d6100000, 0x00000000d6800000, 0x0000000100000000)
  eden space 6144K, 100% used [0x00000000d6100000,0x00000000d6700000,0x00000000d6700000)
  from space 512K, 100% used [0x00000000d6780000,0x00000000d6800000,0x00000000d6800000)
  to   space 512K, 0% used [0x00000000d6700000,0x00000000d6700000,0x00000000d6780000)
 ParOldGen       total 5632K, used 912K [0x0000000082200000, 0x0000000082780000, 0x00000000d6100000)
  object space 5632K, 16% used [0x0000000082200000,0x00000000822e4050,0x0000000082780000)
 Metaspace       used 7345K, capacity 8180K, committed 8448K, reserved 1056768K
  class space    used 903K, capacity 944K, committed 1024K, reserved 1048576K
Event: 0.443 GC heap after
Heap after GC invocations=5 (full 0):
 PSYoungGen      total 6656K, used 512K [0x00000000d6100000, 0x00000000d7400000, 0x0000000100000000)
  eden space 6144K, 0% used [0x00000000d6100000,0x00000000d6100000,0x00000000d6700000)
  from space 512K, 100% used [0x00000000d6700000,0x00000000d6780000,0x00000000d6780000)
  to   space 3584K, 0% used [0x00000000d7080000,0x00000000d7080000,0x00000000d7400000)
 ParOldGen       total 5632K, used 4655K [0x0000000082200000, 0x0000000082780000, 0x00000000d6100000)
  object space 5632K, 82% used [0x0000000082200000,0x000000008268be90,0x0000000082780000)
 Metaspace       used 7345K, capacity 8180K, committed 8448K, reserved 1056768K
  class space    used 903K, capacity 944K, committed 1024K, reserved 1048576K
}
Event: 0.443 GC heap before
{Heap before GC invocations=6 (full 1):
 PSYoungGen      total 6656K, used 512K [0x00000000d6100000, 0x00000000d7400000, 0x0000000100000000)
  eden space 6144K, 0% used [0x00000000d6100000,0x00000000d6100000,0x00000000d6700000)
  from space 512K, 100% used [0x00000000d6700000,0x00000000d6780000,0x00000000d6780000)
  to   space 3584K, 0% used [0x00000000d7080000,0x00000000d7080000,0x00000000d7400000)
 ParOldGen       total 5632K, used 4655K [0x0000000082200000, 0x0000000082780000, 0x00000000d6100000)
  object space 5632K, 82% used [0x0000000082200000,0x000000008268be90,0x0000000082780000)
 Metaspace       used 7345K, capacity 8180K, committed 8448K, reserved 1056768K
  class space    used 903K, capacity 944K, committed 1024K, reserved 1048576K
Event: 0.474 GC heap after
Heap after GC invocations=6 (full 1):
 PSYoungGen      total 6656K, used 0K [0x00000000d6100000, 0x00000000d7400000, 0x0000000100000000)
  eden space 6144K, 0% used [0x00000000d6100000,0x00000000d6100000,0x00000000d6700000)
  from space 512K, 0% used [0x00000000d6700000,0x00000000d6700000,0x00000000d6780000)
  to   space 3584K, 0% used [0x00000000d7080000,0x00000000d7080000,0x00000000d7400000)
 ParOldGen       total 11264K, used 5016K [0x0000000082200000, 0x0000000082d00000, 0x00000000d6100000)
  object space 11264K, 44% used [0x0000000082200000,0x00000000826e6010,0x0000000082d00000)
 Metaspace       used 7345K, capacity 8180K, committed 8448K, reserved 1056768K
  class space    used 903K, capacity 944K, committed 1024K, reserved 1048576K
}
Event: 0.532 GC heap before
{Heap before GC invocations=7 (full 1):
 PSYoungGen      total 6656K, used 6144K [0x00000000d6100000, 0x00000000d7400000, 0x0000000100000000)
  eden space 6144K, 100% used [0x00000000d6100000,0x00000000d6700000,0x00000000d6700000)
  from space 512K, 0% used [0x00000000d6700000,0x00000000d6700000,0x00000000d6780000)
  to   space 3584K, 0% used [0x00000000d7080000,0x00000000d7080000,0x00000000d7400000)
 ParOldGen       total 11264K, used 5016K [0x0000000082200000, 0x0000000082d00000, 0x00000000d6100000)
  object space 11264K, 44% used [0x0000000082200000,0x00000000826e6010,0x0000000082d00000)
 Metaspace       used 7432K, capacity 8244K, committed 8448K, reserved 1056768K
  class space    used 911K, capacity 944K, committed 1024K, reserved 1048576K
Event: 0.535 GC heap after
Heap after GC invocations=7 (full 1):
 PSYoungGen      total 11264K, used 2793K [0x00000000d6100000, 0x00000000d7380000, 0x0000000100000000)
  eden space 8192K, 0% used [0x00000000d6100000,0x00000000d6100000,0x00000000d6900000)
  from space 3072K, 90% used [0x00000000d7080000,0x00000000d733a748,0x00000000d7380000)
  to   space 4096K, 0% used [0x00000000d6b80000,0x00000000d6b80000,0x00000000d6f80000)
 ParOldGen       total 11264K, used 5016K [0x0000000082200000, 0x0000000082d00000, 0x00000000d6100000)
  object space 11264K, 44% used [0x0000000082200000,0x00000000826e6010,0x0000000082d00000)
 Metaspace       used 7432K, capacity 8244K, committed 8448K, reserved 1056768K
  class space    used 911K, capacity 944K, committed 1024K, reserved 1048576K
}
Event: 0.606 GC heap before
{Heap before GC invocations=8 (full 1):
 PSYoungGen      total 11264K, used 10985K [0x00000000d6100000, 0x00000000d7380000, 0x0000000100000000)
  eden space 8192K, 100% used [0x00000000d6100000,0x00000000d6900000,0x00000000d6900000)
  from space 3072K, 90% used [0x00000000d7080000,0x00000000d733a748,0x00000000d7380000)
  to   space 4096K, 0% used [0x00000000d6b80000,0x00000000d6b80000,0x00000000d6f80000)
 ParOldGen       total 11264K, used 5016K [0x0000000082200000, 0x0000000082d00000, 0x00000000d6100000)
  object space 11264K, 44% used [0x0000000082200000,0x00000000826e6010,0x0000000082d00000)
 Metaspace       used 7759K, capacity 8500K, committed 8704K, reserved 1056768K
  class space    used 933K, capacity 944K, committed 1024K, reserved 1048576K
Event: 0.610 GC heap after
Heap after GC invocations=8 (full 1):
 PSYoungGen      total 12288K, used 3781K [0x00000000d6100000, 0x00000000d7380000, 0x0000000100000000)
  eden space 8192K, 0% used [0x00000000d6100000,0x00000000d6100000,0x00000000d6900000)
  from space 4096K, 92% used [0x00000000d6b80000,0x00000000d6f316c8,0x00000000d6f80000)
  to   space 3072K, 0% used [0x00000000d7080000,0x00000000d7080000,0x00000000d7380000)
 ParOldGen       total 11264K, used 5024K [0x0000000082200000, 0x0000000082d00000, 0x00000000d6100000)
  object space 11264K, 44% used [0x0000000082200000,0x00000000826e8010,0x0000000082d00000)
 Metaspace       used 7759K, capacity 8500K, committed 8704K, reserved 1056768K
  class space    used 933K, capacity 944K, committed 1024K, reserved 1048576K
}

Deoptimization events (10 events):
Event: 0.585 Thread 0x0000000002e21800 Uncommon trap: reason=class_check action=maybe_recompile pc=0x0000000003171760 method=com.sun.tools.javac.util.List.prependList(Lcom/sun/tools/javac/util/List;)Lcom/sun/tools/javac/util/List; @ 1
Event: 0.592 Thread 0x0000000002e21800 Uncommon trap: reason=class_check action=maybe_recompile pc=0x0000000003171760 method=com.sun.tools.javac.util.List.prependList(Lcom/sun/tools/javac/util/List;)Lcom/sun/tools/javac/util/List; @ 1
Event: 0.592 Thread 0x0000000002e21800 Uncommon trap: reason=class_check action=maybe_recompile pc=0x0000000003171760 method=com.sun.tools.javac.util.List.prependList(Lcom/sun/tools/javac/util/List;)Lcom/sun/tools/javac/util/List; @ 1
Event: 0.670 Thread 0x0000000002e21800 Uncommon trap: reason=class_check action=maybe_recompile pc=0x00000000031baba0 method=java.util.HashMap.putVal(ILjava/lang/Object;Ljava/lang/Object;ZZ)Ljava/lang/Object; @ 253
Event: 0.699 Thread 0x0000000002e21800 Uncommon trap: reason=class_check action=maybe_recompile pc=0x00000000031baba0 method=java.util.HashMap.putVal(ILjava/lang/Object;Ljava/lang/Object;ZZ)Ljava/lang/Object; @ 253
Event: 0.702 Thread 0x0000000002e21800 Uncommon trap: reason=unstable_if action=reinterpret pc=0x00000000031eb6ac method=com.sun.tools.javac.code.Scope.enter(Lcom/sun/tools/javac/code/Symbol;Lcom/sun/tools/javac/code/Scope;Lcom/sun/tools/javac/code/Scope;Z)V @ 116
Event: 0.704 Thread 0x0000000002e21800 Uncommon trap: reason=class_check action=maybe_recompile pc=0x00000000031baba0 method=java.util.HashMap.putVal(ILjava/lang/Object;Ljava/lang/Object;ZZ)Ljava/lang/Object; @ 253
Event: 0.731 Thread 0x0000000002e21800 Uncommon trap: reason=class_check action=maybe_recompile pc=0x00000000031baba0 method=java.util.HashMap.putVal(ILjava/lang/Object;Ljava/lang/Object;ZZ)Ljava/lang/Object; @ 253
Event: 0.731 Thread 0x0000000002e21800 Uncommon trap: reason=class_check action=maybe_recompile pc=0x00000000031bd134 method=java.util.HashMap.putVal(ILjava/lang/Object;Ljava/lang/Object;ZZ)Ljava/lang/Object; @ 253
Event: 0.751 Thread 0x0000000002e21800 Uncommon trap: reason=unstable_if action=reinterpret pc=0x0000000003225f48 method=com.sun.tools.javac.code.Scope.lookup(Lcom/sun/tools/javac/util/Name;Lcom/sun/tools/javac/util/Filter;)Lcom/sun/tools/javac/code/Scope$Entry; @ 19

Internal exceptions (10 events):
Event: 0.030 Thread 0x0000000002e21800 Exception <a 'java/lang/NoSuchMethodError': Method sun.misc.Unsafe.defineClass(Ljava/lang/String;[BII)Ljava/lang/Class; name or signature does not match> (0x00000000d6107cd8) thrown at [C:\re\workspace\8-2-build-windows-amd64-cygwin\jdk8u111\7883\hotspot\
Event: 0.030 Thread 0x0000000002e21800 Exception <a 'java/lang/NoSuchMethodError': Method sun.misc.Unsafe.prefetchRead(Ljava/lang/Object;J)V name or signature does not match> (0x00000000d6107fc0) thrown at [C:\re\workspace\8-2-build-windows-amd64-cygwin\jdk8u111\7883\hotspot\src\share\vm\prims
Event: 0.133 Thread 0x0000000002e21800 Exception <a 'java/security/PrivilegedActionException'> (0x00000000d62751f0) thrown at [C:\re\workspace\8-2-build-windows-amd64-cygwin\jdk8u111\7883\hotspot\src\share\vm\prims\jvm.cpp, line 1386]
Event: 0.133 Thread 0x0000000002e21800 Exception <a 'java/security/PrivilegedActionException'> (0x00000000d62755e8) thrown at [C:\re\workspace\8-2-build-windows-amd64-cygwin\jdk8u111\7883\hotspot\src\share\vm\prims\jvm.cpp, line 1386]
Event: 0.134 Thread 0x0000000002e21800 Exception <a 'java/security/PrivilegedActionException'> (0x00000000d62796b8) thrown at [C:\re\workspace\8-2-build-windows-amd64-cygwin\jdk8u111\7883\hotspot\src\share\vm\prims\jvm.cpp, line 1386]
Event: 0.134 Thread 0x0000000002e21800 Exception <a 'java/security/PrivilegedActionException'> (0x00000000d6279ab0) thrown at [C:\re\workspace\8-2-build-windows-amd64-cygwin\jdk8u111\7883\hotspot\src\share\vm\prims\jvm.cpp, line 1386]
Event: 0.140 Thread 0x0000000002e21800 Exception <a 'java/security/PrivilegedActionException'> (0x00000000d61071e8) thrown at [C:\re\workspace\8-2-build-windows-amd64-cygwin\jdk8u111\7883\hotspot\src\share\vm\prims\jvm.cpp, line 1386]
Event: 0.140 Thread 0x0000000002e21800 Exception <a 'java/security/PrivilegedActionException'> (0x00000000d61075e0) thrown at [C:\re\workspace\8-2-build-windows-amd64-cygwin\jdk8u111\7883\hotspot\src\share\vm\prims\jvm.cpp, line 1386]
Event: 0.486 Thread 0x0000000002e21800 Exception <a 'java/io/FileNotFoundException'> (0x00000000d61e5a40) thrown at [C:\re\workspace\8-2-build-windows-amd64-cygwin\jdk8u111\7883\hotspot\src\share\vm\prims\jni.cpp, line 709]
Event: 0.489 Thread 0x0000000002e21800 Exception <a 'java/io/FileNotFoundException'> (0x00000000d6219898) thrown at [C:\re\workspace\8-2-build-windows-amd64-cygwin\jdk8u111\7883\hotspot\src\share\vm\prims\jni.cpp, line 709]

Events (10 events):
Event: 0.731 Thread 0x0000000002e21800 DEOPT UNPACKING pc=0x0000000002f6582a sp=0x0000000002d7ed68 mode 2
Event: 0.743 loading class java/util/concurrent/Callable
Event: 0.743 loading class java/util/concurrent/Callable done
Event: 0.751 Thread 0x0000000002e21800 Uncommon trap: trap_request=0xffffff65 fr.pc=0x0000000003225f48
Event: 0.751 Thread 0x0000000002e21800 DEOPT PACKING pc=0x0000000003225f48 sp=0x0000000002d7def0
Event: 0.751 Thread 0x0000000002e21800 DEOPT UNPACKING pc=0x0000000002f6582a sp=0x0000000002d7de90 mode 2
Event: 0.758 loading class com/sun/tools/javac/code/TypeAnnotationPosition$TypePathEntry
Event: 0.758 loading class com/sun/tools/javac/code/TypeAnnotationPosition$TypePathEntry done
Event: 0.758 loading class com/sun/tools/javac/code/TypeAnnotationPosition$TypePathEntryKind
Event: 0.758 loading class com/sun/tools/javac/code/TypeAnnotationPosition$TypePathEntryKind done


Dynamic libraries:
0x00007ff651c60000 - 0x00007ff651c67000 	C:\Program Files\Java\jdk1.8.0_111\bin\javac.exe
0x00007ffb702e0000 - 0x00007ffb704d0000 	C:\Windows\SYSTEM32\ntdll.dll
0x00007ffb6f790000 - 0x00007ffb6f842000 	C:\Windows\System32\KERNEL32.DLL
0x00007ffb6d450000 - 0x00007ffb6d6f3000 	C:\Windows\System32\KERNELBASE.dll
0x00000000585a0000 - 0x00000000585cf000 	C:\Program Files\Java\jdk1.8.0_111\bin\jli.dll
0x00000000584c0000 - 0x0000000058592000 	C:\Program Files\Java\jdk1.8.0_111\bin\MSVCR100.dll
0x00007ffb6f8c0000 - 0x00007ffb6f963000 	C:\Windows\System32\ADVAPI32.dll
0x00007ffb6e390000 - 0x00007ffb6e42e000 	C:\Windows\System32\msvcrt.dll
0x00007ffb6fa30000 - 0x00007ffb6fac7000 	C:\Windows\System32\sechost.dll
0x00007ffb6fad0000 - 0x00007ffb6fbf0000 	C:\Windows\System32\RPCRT4.dll
0x00007ffb6e820000 - 0x00007ffb6e9b4000 	C:\Windows\System32\USER32.dll
0x00007ffb58560000 - 0x00007ffb587e5000 	C:\Windows\WinSxS\amd64_microsoft.windows.common-controls_6595b64144ccf1df_6.0.18362.778_none_e6c6b761130d4fb8\COMCTL32.dll
0x00007ffb6e360000 - 0x00007ffb6e381000 	C:\Windows\System32\win32u.dll
0x00007ffb6e740000 - 0x00007ffb6e766000 	C:\Windows\System32\GDI32.dll
0x00007ffb6ff60000 - 0x00007ffb70296000 	C:\Windows\System32\combase.dll
0x00007ffb6e0d0000 - 0x00007ffb6e264000 	C:\Windows\System32\gdi32full.dll
0x00007ffb6d850000 - 0x00007ffb6d94a000 	C:\Windows\System32\ucrtbase.dll
0x00007ffb6e270000 - 0x00007ffb6e30e000 	C:\Windows\System32\msvcp_win.dll
0x00007ffb6d290000 - 0x00007ffb6d310000 	C:\Windows\System32\bcryptPrimitives.dll
0x00007ffb6e7f0000 - 0x00007ffb6e81e000 	C:\Windows\System32\IMM32.DLL
0x00000000589f0000 - 0x0000000058ac2000 	C:\Program Files\Java\jdk1.8.0_111\jre\bin\msvcr100.dll
0x0000000058ad0000 - 0x000000005936a000 	C:\Program Files\Java\jdk1.8.0_111\jre\bin\server\jvm.dll
0x00007ffb6e7e0000 - 0x00007ffb6e7e8000 	C:\Windows\System32\PSAPI.DLL
0x00007ffb5ee50000 - 0x00007ffb5ee59000 	C:\Windows\SYSTEM32\WSOCK32.dll
0x00007ffb5dc30000 - 0x00007ffb5dc3a000 	C:\Windows\SYSTEM32\VERSION.dll
0x00007ffb6f5f0000 - 0x00007ffb6f65f000 	C:\Windows\System32\WS2_32.dll
0x00007ffb6b000000 - 0x00007ffb6b024000 	C:\Windows\SYSTEM32\WINMM.dll
0x00007ffb6afd0000 - 0x00007ffb6affd000 	C:\Windows\SYSTEM32\WINMMBASE.dll
0x00007ffb6e310000 - 0x00007ffb6e35a000 	C:\Windows\System32\cfgmgr32.dll
0x00000000589a0000 - 0x00000000589af000 	C:\Program Files\Java\jdk1.8.0_111\jre\bin\verify.dll
0x0000000058970000 - 0x0000000058999000 	C:\Program Files\Java\jdk1.8.0_111\jre\bin\java.dll
0x0000000058950000 - 0x0000000058966000 	C:\Program Files\Java\jdk1.8.0_111\jre\bin\zip.dll
0x00007ffb6ef00000 - 0x00007ffb6f5e5000 	C:\Windows\System32\SHELL32.dll
0x00007ffb6f660000 - 0x00007ffb6f709000 	C:\Windows\System32\shcore.dll
0x00007ffb6d950000 - 0x00007ffb6e0d0000 	C:\Windows\System32\windows.storage.dll
0x00007ffb6d1d0000 - 0x00007ffb6d1f3000 	C:\Windows\System32\profapi.dll
0x00007ffb6d220000 - 0x00007ffb6d26a000 	C:\Windows\System32\powrprof.dll
0x00007ffb6d1a0000 - 0x00007ffb6d1b0000 	C:\Windows\System32\UMPDC.dll
0x00007ffb6e6e0000 - 0x00007ffb6e732000 	C:\Windows\System32\shlwapi.dll
0x00007ffb6d1b0000 - 0x00007ffb6d1c1000 	C:\Windows\System32\kernel.appcore.dll
0x00007ffb6d270000 - 0x00007ffb6d287000 	C:\Windows\System32\cryptsp.dll

VM Arguments:
jvm_args: -Dapplication.home=C:\Program Files\Java\jdk1.8.0_111 -Xms8m 
java_command: com.sun.tools.javac.Main -d D:\Yazilim\NetBeans projects\MinesweeperGame\build\classes -classpath D:\Yazilim\NetBeans projects\MinesweeperGame\build\classes -sourcepath D:\Yazilim\NetBeans projects\MinesweeperGame\build\empty -target 1.8 -encoding UTF-8 -g -processorpath D:\Yazilim\NetBeans projects\MinesweeperGame\build\empty -s D:\Yazilim\NetBeans projects\MinesweeperGame\build\generated-sources\ap-source-output -source 1.8 D:\Yazilim\NetBeans projects\MinesweeperGame\src\minesweepergame\MinesweeperApp.java D:\Yazilim\NetBeans projects\MinesweeperGame\src\minesweepergame\MinesweeperGame.java D:\Yazilim\NetBeans projects\MinesweeperGame\src\minesweepergame\minesweeper.java
java_class_path (initial): C:\Program Files\Java\jdk1.8.0_111/lib/tools.jar;C:\Program Files\Java\jdk1.8.0_111/classes
Launcher Type: SUN_STANDARD

Environment Variables:
JAVA_HOME=C:\Program Files\Java\jdk1.8.0_111
PATH=C:\ProgramData\Oracle\Java\javapath;C:\Program Files (x86)\Common Files\Oracle\Java\javapath;C:\Windows\system32;C:\Windows;C:\Windows\System32\Wbem;C:\Windows\System32\WindowsPowerShell\v1.0\;C:\Windows\System32\OpenSSH\;C:\Program Files\Java\jdk1.8.0_111\bin;C:\Program Files\MATLAB\R2015a\bin;C:\Users\hosse\AppData\Local\Microsoft\WindowsApps
USERNAME=Hussein
OS=Windows_NT
PROCESSOR_IDENTIFIER=Intel64 Family 6 Model 78 Stepping 3, GenuineIntel



---------------  S Y S T E M  ---------------

OS: Windows 10.0 , 64 bit Build 18362 (10.0.18362.778)

CPU:total 4 (2 cores per cpu, 2 threads per core) family 6 model 78 stepping 3, cmov, cx8, fxsr, mmx, sse, sse2, sse3, ssse3, sse4.1, sse4.2, popcnt, avx, avx2, aes, clmul, erms, 3dnowpref, lzcnt, ht, tsc, tscinvbit, bmi1, bmi2, adx

Memory: 4k page, physical 8243984k(1531856k free), swap 33409808k(5284k free)

vm_info: Java HotSpot(TM) 64-Bit Server VM (25.111-b14) for windows-amd64 JRE (1.8.0_111-b14), built on Sep 22 2016 19:24:05 by "java_re" with MS VC++ 10.0 (VS2010)

time: Mon May 11 18:37:56 2020
elapsed time: 0 seconds (0d 0h 0m 0s)

